Arguments: 
  D:\Program Files\nodejs\node.exe D:\Program Files (x86)\Yarn\bin\yarn.js

PATH: 
  D:\Program Files\Git\mingw64\bin;D:\Program Files\Git\usr\bin;C:\Users\chenl\bin;C:\Windows\system32;C:\Windows;C:\Windows\System32\Wbem;C:\Windows\System32\WindowsPowerShell\v1.0;C:\Program Files (x86)\NVIDIA Corporation\PhysX\Common;D:\Program Files\nodejs;C:\WINDOWS\system32;C:\WINDOWS;C:\WINDOWS\System32\Wbem;C:\WINDOWS\System32\WindowsPowerShell\v1.0;C:\WINDOWS\System32\OpenSSH;D:\Program Files (x86)\Yarn\bin;D:\Program Files\Git\cmd;C:\Users\chenl\AppData\Local\Microsoft\WindowsApps;D:\Program Files\Microsoft VS Code\bin;C:\Users\chenl\AppData\Local\GitHubDesktop\bin;C:\Users\chenl\AppData\Roaming\npm;C:\Users\chenl\AppData\Local\Microsoft\WindowsApps;C:\Users\chenl\AppData\Local\Yarn\bin

Yarn version: 
  1.13.0

Node version: 
  10.12.0

Platform: 
  win32 x64

Trace: 
  SyntaxError: D:\github\easyCharts\package.json: Unexpected token } in JSON at position 1188
      at JSON.parse (<anonymous>)
      at D:\Program Files (x86)\Yarn\lib\cli.js:1625:59
      at Generator.next (<anonymous>)
      at step (D:\Program Files (x86)\Yarn\lib\cli.js:304:30)
      at D:\Program Files (x86)\Yarn\lib\cli.js:315:13

npm manifest: 
  {
    "name": "easycharts",
    "version": "0.0.0",
    "description": "",
    "main": "easycharts.js",
    "scripts": {
      "test": "istanbul cover ./node_modules/mocha/bin/_mocha",
      "babel": "babel easycharts.js -o ./build/easycharts.js",
      "docs:dev": "vuepress dev docs",
      "docs:build": "vuepress build docs",
      "build": "rollup -c"
    },
    "author": "",
    "license": "MIT",
    "devDependencies": {
      "@babel/core": "^7.4.4",
      "@babel/preset-env": "^7.4.4",
      "babel-loader": "^7.1.2",
      "babel-preset-es2015": "^6.24.1",
      "echarts": "^4.2.1",
      "gulp": "3.x",
      "gulp-babel": "^7.0.1",
      "gulp-concat": "^2.6.1",
      "gulp-connect": "^5.7.0",
      "gulp-eslint": "^4.0.0",
      "gulp-rename": "^1.2.2",
      "gulp-sourcemaps": "^2.6.4",
      "gulp-uglify": "^3.0.0",
      "gulp-webserver": "^0.9.1",
      "istanbul": "^0.4.5",
      "mocha": "^4.0.1",
      "rollup": "^1.12.3",
      "rollup-plugin-babel": "^4.3.2",
      "rollup-plugin-node-resolve": "^5.0.0",
      "should": "^13.1.3",
      "vuepress": "^0.14.11",
      "babel-preset-latest": "^6.24.1",
      "gulp-rollup": "^2.16.2",
      "rollup-plugin-commonjs": "^10.0.0"
    },
    "dependencies": {
      "jcalculator": "^1.3.1",
    }
  }

yarn manifest: 
  No manifest

Lockfile: 
  No lockfile
